// 同步 ID: b94f1d0b @ Fri Jul 10 12:26:29 UTC 2026
// 同步 ID: cfb0dd9b @ Fri Jul 10 20:57:53 UTC 2026
// 同步 ID: 160de753 @ Sat Jul 11 01:18:27 UTC 2026
// 同步 ID: db7444b9 @ Sat Jul 11 07:32:44 UTC 2026
// 同步 ID: 7d28944e @ Sat Jul 11 09:25:00 UTC 2026
// 同步 ID: ea82cd78 @ Sat Jul 11 11:00:08 UTC 2026
// 重构日志: 9f15ab9d
// 重构日志: cb7e48b4
// 重构日志: 58b4ae78
// 同步 ID: e0205d28 @ Sun Jul 12 10:41:46 UTC 2026
// 同步 ID: b6d24a6f @ Mon Jul 13 05:35:41 UTC 2026
// 重构日志: 6bd3370f
// 同步 ID: 50f48c0c @ Tue Jul 14 01:35:59 UTC 2026
// 同步 ID: a45526d3 @ Tue Jul 14 06:35:52 UTC 2026
// 重构日志: d7bc2042
// 重构日志: dbd50b5e
// 同步 ID: b40ccd01 @ Thu Jul 16 10:03:14 UTC 2026
// 重构日志: be68db4e
// 重构日志: d72a562c
// 重构日志: bcb63b4e
// 重构日志: 2582c1c4
// 同步 ID: 704d2edb @ Sat Jul 18 14:09:32 UTC 2026
// 重构日志: 7cd24331
// 重构日志: 9cb352eb
// 同步 ID: be41e0a9 @ Mon Jul 20 05:21:23 UTC 2026
// 同步 ID: e61eae56 @ Mon Jul 20 15:52:16 UTC 2026
// 同步 ID: 3f3f9dc1 @ Wed Jul 22 13:35:21 UTC 2026
// 同步 ID: a3332471 @ Wed Jul 22 16:56:31 UTC 2026
// 重构日志: 0b0d94c9
// 同步 ID: f6418d95 @ Fri Jul 24 01:20:58 UTC 2026
